<?xml version="1.0" encoding="utf-8"?><testsuites name="pytest tests"><testsuite name="pytest" errors="0" failures="0" skipped="1" tests="10" time="2.715" timestamp="2026-07-19T12:33:04.938010+00:00" hostname="agent-env-02ed97fd-ba62-470e-b67a-63087da04c5e"><testcase classname="tests.test_email_auth.TestRegister" name="test_register_new_user_sets_cookie" time="0.596" /><testcase classname="tests.test_email_auth.TestLogin" name="test_login_success_sets_cookie_and_me_works" time="0.676" /><testcase classname="tests.test_email_auth.TestRegister" name="test_register_duplicate_returns_409" time="0.133" /><testcase classname="tests.test_email_auth.TestLogin" name="test_login_wrong_password_returns_401" time="0.335" /><testcase classname="tests.test_email_auth.TestRegister" name="test_register_short_password_returns_400" time="0.281" /><testcase classname="tests.test_email_auth.TestCoexistence" name="test_google_bearer_still_works" time="0.149" /><testcase classname="tests.test_email_auth.TestLogin" name="test_brute_force_lockout_returns_429" time="0.556"><skipped type="pytest.xfail" message="Backend brute-force keys on request.client.host (ingress/proxy pod IP). Behind K8s ingress the client host rotates across multiple pod IPs (e.g. 10.211.11.70 / 10.211.11.90), so the per-identifier counter never reaches MAX_LOGIN_ATTEMPTS. Backend needs to trust X-Forwarded-For (first value) instead of request.client.host." /></testcase><testcase classname="tests.test_email_auth.TestCoexistence" name="test_jwt_user_can_call_protected_endpoints" time="0.420" /><testcase classname="tests.test_email_auth.TestCoexistence" name="test_google_user_can_still_call_protected" time="0.103" /><testcase classname="tests.test_email_auth.TestLogout" name="test_logout_clears_cookie" time="0.410" /></testsuite></testsuites>