<?xml version="1.0" encoding="utf-8"?><testsuites name="pytest tests"><testsuite name="pytest" errors="0" failures="0" skipped="0" tests="5" time="10.513" timestamp="2026-08-01T10:09:16.340024+00:00" hostname="agent-env-02ed97fd-ba62-470e-b67a-63087da04c5e"><testcase classname="tests.test_meal_plans" name="test_list_requires_auth" time="0.225" /><testcase classname="tests.test_meal_plans" name="test_generate_requires_auth" time="0.098" /><testcase classname="tests.test_meal_plans" name="test_generate_returns_plan_and_does_not_persist" time="9.920" /><testcase classname="tests.test_meal_plans" name="test_save_list_delete_flow" time="0.172" /><testcase classname="tests.test_meal_plans" name="test_save_rejects_missing_plan" time="0.043" /></testsuite></testsuites>