<?xml version="1.0" encoding="utf-8"?><testsuites name="pytest tests"><testsuite name="pytest" errors="0" failures="0" skipped="0" tests="6" time="1.606" timestamp="2026-08-01T10:35:21.954988+00:00" hostname="agent-env-02ed97fd-ba62-470e-b67a-63087da04c5e"><testcase classname="tests.test_landing_membership_reminder.TestPhotoReminder" name="test_reminder_present_when_no_recent_photo" time="0.267" /><testcase classname="tests.test_landing_membership_reminder.TestPaymentsConfig" name="test_config_returns_new_prices" time="0.111" /><testcase classname="tests.test_landing_membership_reminder.TestPaymentsConfig" name="test_config_requires_auth" time="0.089" /><testcase classname="tests.test_landing_membership_reminder.TestPhotoReminder" name="test_reminder_disappears_after_upload_and_reappears_after_delete" time="0.763" /><testcase classname="tests.test_landing_membership_reminder.TestPaymentsConfig" name="test_config_for_email_client" time="0.378" /><testcase classname="tests.test_landing_membership_reminder.TestLandingPublic" name="test_landing_html_loads" time="0.083" /></testsuite></testsuites>