<?xml version="1.0" encoding="utf-8"?><testsuites name="pytest tests"><testsuite name="pytest" errors="0" failures="0" skipped="0" tests="12" time="2.563" timestamp="2026-08-01T10:02:15.688684+00:00" hostname="agent-env-02ed97fd-ba62-470e-b67a-63087da04c5e"><testcase classname="tests.test_profile.TestProfilePhoto" name="test_upload_photo_and_serve" time="1.238" /><testcase classname="tests.test_profile.TestProfileRename" name="test_client_rename_and_persist" time="0.782" /><testcase classname="tests.test_profile.TestProfileRename" name="test_empty_name_rejected" time="0.040" /><testcase classname="tests.test_profile.TestProfileRename" name="test_too_long_name_rejected" time="0.081" /><testcase classname="tests.test_profile.TestProfilePhoto" name="test_reject_non_image" time="0.180" /><testcase classname="tests.test_profile.TestProfileRename" name="test_trainer_rename" time="0.520" /><testcase classname="tests.test_profile.TestProfilePhoto" name="test_reject_oversize" time="0.354" /><testcase classname="tests.test_profile.TestProfileRename" name="test_admin_rename" time="0.468" /><testcase classname="tests.test_profile.TestProfilePhoto" name="test_file_serve_unknown_path" time="0.084" /><testcase classname="tests.test_profile.TestRegression" name="test_me_endpoint" time="0.082" /><testcase classname="tests.test_profile.TestProfileRename" name="test_unauth_rejected" time="0.162" /><testcase classname="tests.test_profile.TestRegression" name="test_trainers_list" time="0.041" /></testsuite></testsuites>