<?xml version="1.0" encoding="utf-8"?><testsuites name="pytest tests"><testsuite name="pytest" errors="0" failures="0" skipped="0" tests="9" time="2.011" timestamp="2026-08-01T10:17:46.255838+00:00" hostname="agent-env-02ed97fd-ba62-470e-b67a-63087da04c5e"><testcase classname="tests.test_progress_photos" name="test_login" time="0.483" /><testcase classname="tests.test_progress_photos" name="test_list_photos_authed" time="0.044" /><testcase classname="tests.test_progress_photos" name="test_list_photos_unauth" time="0.090" /><testcase classname="tests.test_progress_photos" name="test_upload_photo" time="0.340" /><testcase classname="tests.test_progress_photos" name="test_authed_image_serve" time="0.300" /><testcase classname="tests.test_progress_photos" name="test_upload_rejects_bad_ext" time="0.042" /><testcase classname="tests.test_progress_photos" name="test_upload_second_photo_ordering" time="0.367" /><testcase classname="tests.test_progress_photos" name="test_delete_photo" time="0.252" /><testcase classname="tests.test_progress_photos" name="test_measurements_regression" time="0.042" /></testsuite></testsuites>