<?xml version="1.0" encoding="utf-8"?><testsuites name="pytest tests"><testsuite name="pytest" errors="0" failures="0" skipped="0" tests="36" time="9.910" timestamp="2026-08-01T09:53:17.426857+00:00" hostname="agent-env-02ed97fd-ba62-470e-b67a-63087da04c5e"><testcase classname="tests.test_roles_trainers_admin.TestAdminAuth" name="test_admin_login_role" time="0.335" /><testcase classname="tests.test_payments.TestPaymentsOrder" name="test_order_unauth_returns_401" time="0.335" /><testcase classname="tests.test_roles_trainers_admin.TestAdminAuth" name="test_admin_stats_ok" time="0.420" /><testcase classname="tests.test_payments.TestPaymentsOrder" name="test_order_plan_returns_503_while_disabled" time="0.326" /><testcase classname="tests.test_payments.TestPaymentsOrder" name="test_order_session_returns_503_while_disabled" time="0.064" /><testcase classname="tests.test_payments.TestPaymentsOrder" name="test_order_all_plan_ids_503" time="0.382" /><testcase classname="tests.test_roles_trainers_admin.TestAdminAuth" name="test_admin_users_ok" time="0.446" /><testcase classname="tests.test_roles_trainers_admin.TestTrainerEndpoints" name="test_trainer_me" time="0.751" /><testcase classname="tests.test_roles_trainers_admin.TestAdminAuth" name="test_admin_stats_forbidden_for_client" time="0.247" /><testcase classname="tests.test_roles_trainers_admin.TestAdminAuth" name="test_admin_stats_unauth" time="0.089" /><testcase classname="tests.test_email_auth.TestRegister" name="test_register_new_user_sets_cookie" time="0.363" /><testcase classname="tests.test_roles_trainers_admin.TestTrainerEndpoints" name="test_trainer_update_and_readback" time="0.752" /><testcase classname="tests.test_email_auth.TestRegister" name="test_register_duplicate_returns_409" time="0.281" /><testcase classname="tests.test_email_auth.TestRegister" name="test_register_short_password_returns_400" time="0.092" /><testcase classname="tests.test_email_auth.TestLogin" name="test_login_success_sets_cookie_and_me_works" time="0.376" /><testcase classname="tests.test_roles_trainers_admin.TestTrainerEndpoints" name="test_trainer_sessions" time="0.583" /><testcase classname="tests.test_email_auth.TestLogin" name="test_login_wrong_password_returns_401" time="0.537" /><testcase classname="tests.test_email_auth.TestLogin" name="test_brute_force_lockout_returns_429" time="0.614" /><testcase classname="tests.test_roles_trainers_admin.TestTrainerEndpoints" name="test_trainer_endpoints_forbidden_for_client" time="0.180" /><testcase classname="tests.test_email_auth.TestCoexistence" name="test_google_bearer_still_works" time="0.093" /><testcase classname="tests.test_email_auth.TestCoexistence" name="test_jwt_user_can_call_protected_endpoints" time="0.467" /><testcase classname="tests.test_payments.TestPaymentsConfig" name="test_config_unauth_returns_401" time="0.133" /><testcase classname="tests.test_payments.TestPaymentsConfig" name="test_config_shape_and_values" time="0.090" /><testcase classname="tests.test_email_auth.TestCoexistence" name="test_google_user_can_still_call_protected" time="0.101" /><testcase classname="tests.test_payments.TestPaymentsHistory" name="test_history_unauth_returns_401" time="0.041" /><testcase classname="tests.test_payments.TestPaymentsVerify" name="test_verify_unauth_returns_401" time="0.097" /><testcase classname="tests.test_payments.TestPaymentsHistory" name="test_history_returns_list" time="0.080" /><testcase classname="tests.test_payments.TestPaymentsVerify" name="test_verify_returns_503_while_disabled" time="0.093" /><testcase classname="tests.test_roles_trainers_admin.TestSlots" name="test_slots_on_monday_non_empty" time="0.918" /><testcase classname="tests.test_roles_trainers_admin.TestAdminManagement" name="test_role_change_promote_and_invalid" time="1.372" /><testcase classname="tests.test_roles_trainers_admin.TestSlots" name="test_slots_on_sunday_empty" time="0.524" /><testcase classname="tests.test_email_auth.TestLogout" name="test_logout_clears_cookie" time="0.633" /><testcase classname="tests.test_roles_trainers_admin.TestAdminManagement" name="test_membership_grant_and_revoke" time="1.332" /><testcase classname="tests.test_roles_trainers_admin.TestTrainersList" name="test_get_trainers_seeded" time="0.612" /><testcase classname="tests.test_roles_trainers_admin.TestBookingsDoubleBook" name="test_booking_and_double_booking" time="2.393" /><testcase classname="tests.test_payments.TestBookingRegression" name="test_create_list_cancel_booking" time="0.661" /></testsuite></testsuites>