<?xml version="1.0" encoding="utf-8"?><testsuites name="pytest tests"><testsuite name="pytest" errors="0" failures="0" skipped="0" tests="11" time="1.287" timestamp="2026-07-19T12:51:47.359327+00:00" hostname="agent-env-02ed97fd-ba62-470e-b67a-63087da04c5e"><testcase classname="tests.test_payments.TestPaymentsConfig" name="test_config_unauth_returns_401" time="0.211" /><testcase classname="tests.test_payments.TestPaymentsOrder" name="test_order_unauth_returns_401" time="0.280" /><testcase classname="tests.test_payments.TestPaymentsConfig" name="test_config_shape_and_values" time="0.101" /><testcase classname="tests.test_payments.TestPaymentsOrder" name="test_order_plan_returns_503_while_disabled" time="0.134" /><testcase classname="tests.test_payments.TestPaymentsVerify" name="test_verify_unauth_returns_401" time="0.082" /><testcase classname="tests.test_payments.TestPaymentsVerify" name="test_verify_returns_503_while_disabled" time="0.084" /><testcase classname="tests.test_payments.TestPaymentsOrder" name="test_order_session_returns_503_while_disabled" time="0.048" /><testcase classname="tests.test_payments.TestPaymentsOrder" name="test_order_all_plan_ids_503" time="0.179" /><testcase classname="tests.test_payments.TestPaymentsHistory" name="test_history_unauth_returns_401" time="0.041" /><testcase classname="tests.test_payments.TestPaymentsHistory" name="test_history_returns_list" time="0.043" /><testcase classname="tests.test_payments.TestBookingRegression" name="test_create_list_cancel_booking" time="0.149" /></testsuite></testsuites>