<?xml version="1.0" encoding="utf-8"?><testsuites name="pytest tests"><testsuite name="pytest" errors="0" failures="0" skipped="0" tests="22" time="10.186" timestamp="2026-07-19T12:13:51.777263+00:00" hostname="agent-env-02ed97fd-ba62-470e-b67a-63087da04c5e"><testcase classname="tests.backend_test.TestWorkouts" name="test_plan_matches_focus" time="0.304" /><testcase classname="tests.backend_test.TestBookings" name="test_create_booking" time="0.305" /><testcase classname="tests.backend_test.TestBookings" name="test_list_contains_created" time="0.079" /><testcase classname="tests.backend_test.TestWorkouts" name="test_plan_strength_variant" time="0.189" /><testcase classname="tests.backend_test.TestBookings" name="test_duplicate_returns_409" time="0.046" /><testcase classname="tests.backend_test.TestBookings" name="test_delete_booking" time="0.129" /><testcase classname="tests.backend_test.TestWorkouts" name="test_log_session" time="0.058" /><testcase classname="tests.backend_test.TestWorkouts" name="test_list_sessions" time="0.088" /><testcase classname="tests.backend_test.TestAuth" name="test_me_bearer" time="0.048" /><testcase classname="tests.backend_test.TestAuth" name="test_me_cookie" time="0.140" /><testcase classname="tests.backend_test.TestProgress" name="test_create_entry" time="0.052" /><testcase classname="tests.backend_test.TestProgress" name="test_list_contains" time="0.047" /><testcase classname="tests.backend_test.TestProgress" name="test_delete_entry" time="0.043" /><testcase classname="tests.backend_test.TestAuth" name="test_me_no_auth" time="0.145" /><testcase classname="tests.backend_test.TestFocus" name="test_set_all_focus_values" time="2.511" /><testcase classname="tests.backend_test.TestFoodAI" name="test_analyze_returns_real_macros" time="8.116" /><testcase classname="tests.backend_test.TestFocus" name="test_invalid_focus" time="0.051" /><testcase classname="tests.backend_test.TestBodyScan" name="test_analyze_body" time="6.147" /><testcase classname="tests.backend_test.TestFoodAI" name="test_logs_contains" time="0.047" /><testcase classname="tests.backend_test.TestFoodAI" name="test_delete_log" time="0.045" /><testcase classname="tests.backend_test.TestBodyScan" name="test_history" time="0.045" /><testcase classname="tests.backend_test.TestTrainers" name="test_list_trainers" time="0.057" /></testsuite></testsuites>