<?xml version="1.0" encoding="utf-8"?><testsuites name="pytest tests"><testsuite name="pytest" errors="0" failures="0" skipped="0" tests="15" time="7.507" timestamp="2026-07-19T13:17:11.136674+00:00" hostname="agent-env-02ed97fd-ba62-470e-b67a-63087da04c5e"><testcase classname="tests.test_roles_trainers_admin.TestTrainerEndpoints" name="test_trainer_me" time="1.098" /><testcase classname="tests.test_roles_trainers_admin.TestAdminAuth" name="test_admin_login_role" time="0.769" /><testcase classname="tests.test_roles_trainers_admin.TestAdminAuth" name="test_admin_stats_ok" time="0.652" /><testcase classname="tests.test_roles_trainers_admin.TestTrainerEndpoints" name="test_trainer_update_and_readback" time="0.752" /><testcase classname="tests.test_roles_trainers_admin.TestAdminAuth" name="test_admin_users_ok" time="0.436" /><testcase classname="tests.test_roles_trainers_admin.TestTrainerEndpoints" name="test_trainer_sessions" time="0.463" /><testcase classname="tests.test_roles_trainers_admin.TestAdminAuth" name="test_admin_stats_forbidden_for_client" time="0.319" /><testcase classname="tests.test_roles_trainers_admin.TestAdminAuth" name="test_admin_stats_unauth" time="0.096" /><testcase classname="tests.test_roles_trainers_admin.TestAdminManagement" name="test_role_change_promote_and_invalid" time="1.212" /><testcase classname="tests.test_roles_trainers_admin.TestTrainerEndpoints" name="test_trainer_endpoints_forbidden_for_client" time="0.607" /><testcase classname="tests.test_roles_trainers_admin.TestSlots" name="test_slots_on_monday_non_empty" time="0.537" /><testcase classname="tests.test_roles_trainers_admin.TestSlots" name="test_slots_on_sunday_empty" time="0.891" /><testcase classname="tests.test_roles_trainers_admin.TestAdminManagement" name="test_membership_grant_and_revoke" time="1.315" /><testcase classname="tests.test_roles_trainers_admin.TestBookingsDoubleBook" name="test_booking_and_double_booking" time="2.629" /><testcase classname="tests.test_roles_trainers_admin.TestTrainersList" name="test_get_trainers_seeded" time="0.625" /></testsuite></testsuites>